# JRE version: Java(TM) SE Runtime Environment (8.0_131-b11) (build 1.8.0_131-b11)
# Java VM: Java HotSpot(TM) 64-Bit Server VM (25.131-b11 mixed mode windows-amd64 compressed oops)
Heap:
 PSYoungGen      total 141312K, used 15479K [0x00000000d5900000, 0x00000000deb00000, 0x0000000100000000)
  eden space 133120K, 11% used [0x00000000d5900000,0x00000000d681dc88,0x00000000ddb00000)
  from space 8192K, 0% used [0x00000000de300000,0x00000000de300000,0x00000000deb00000)
  to   space 8192K, 0% used [0x00000000ddb00000,0x00000000ddb00000,0x00000000de300000)
 ParOldGen       total 50688K, used 7326K [0x0000000080a00000, 0x0000000083b80000, 0x00000000d5900000)
  object space 50688K, 14% used [0x0000000080a00000,0x0000000081127ad8,0x0000000083b80000)
 Metaspace       used 23274K, capacity 23566K, committed 23808K, reserved 1071104K
  class space    used 2753K, capacity 2809K, committed 2816K, reserved 1048576K
GC Heap History (10 events):
Event: 2.082 GC heap before
{Heap before GC invocations=3 (full 0):
 PSYoungGen      total 38400K, used 38185K [0x00000000d5900000, 0x00000000d8380000, 0x0000000100000000)
  eden space 33280K, 100% used [0x00000000d5900000,0x00000000d7980000,0x00000000d7980000)
  from space 5120K, 95% used [0x00000000d7e80000,0x00000000d834a4e8,0x00000000d8380000)
  to   space 5120K, 0% used [0x00000000d7980000,0x00000000d7980000,0x00000000d7e80000)
 ParOldGen       total 87552K, used 24K [0x0000000080a00000, 0x0000000085f80000, 0x00000000d5900000)
  object space 87552K, 0% used [0x0000000080a00000,0x0000000080a06000,0x0000000085f80000)
 Metaspace       used 13840K, capacity 14104K, committed 14336K, reserved 1062912K
  class space    used 1715K, capacity 1776K, committed 1792K, reserved 1048576K
Event: 2.097 GC heap after
Heap after GC invocations=3 (full 0):
 PSYoungGen      total 38400K, used 5090K [0x00000000d5900000, 0x00000000da400000, 0x0000000100000000)
  eden space 33280K, 0% used [0x00000000d5900000,0x00000000d5900000,0x00000000d7980000)
  from space 5120K, 99% used [0x00000000d7980000,0x00000000d7e78be8,0x00000000d7e80000)
  to   space 5120K, 0% used [0x00000000d9f00000,0x00000000d9f00000,0x00000000da400000)
 ParOldGen       total 87552K, used 393K [0x0000000080a00000, 0x0000000085f80000, 0x00000000d5900000)
  object space 87552K, 0% used [0x0000000080a00000,0x0000000080a62450,0x0000000085f80000)
 Metaspace       used 13840K, capacity 14104K, committed 14336K, reserved 1062912K
  class space    used 1715K, capacity 1776K, committed 1792K, reserved 1048576K
}
Event: 2.462 GC heap before
{Heap before GC invocations=4 (full 0):
 PSYoungGen      total 38400K, used 38370K [0x00000000d5900000, 0x00000000da400000, 0x0000000100000000)
  eden space 33280K, 100% used [0x00000000d5900000,0x00000000d7980000,0x00000000d7980000)
  from space 5120K, 99% used [0x00000000d7980000,0x00000000d7e78be8,0x00000000d7e80000)
  to   space 5120K, 0% used [0x00000000d9f00000,0x00000000d9f00000,0x00000000da400000)
 ParOldGen       total 87552K, used 393K [0x0000000080a00000, 0x0000000085f80000, 0x00000000d5900000)
  object space 87552K, 0% used [0x0000000080a00000,0x0000000080a62450,0x0000000085f80000)
 Metaspace       used 14677K, capacity 14960K, committed 15232K, reserved 1062912K
  class space    used 1808K, capacity 1908K, committed 1920K, reserved 1048576K
Event: 2.470 GC heap after
Heap after GC invocations=4 (full 0):
 PSYoungGen      total 71680K, used 5102K [0x00000000d5900000, 0x00000000da400000, 0x0000000100000000)
  eden space 66560K, 0% used [0x00000000d5900000,0x00000000d5900000,0x00000000d9a00000)
  from space 5120K, 99% used [0x00000000d9f00000,0x00000000da3fb9a0,0x00000000da400000)
  to   space 5120K, 0% used [0x00000000d9a00000,0x00000000d9a00000,0x00000000d9f00000)
 ParOldGen       total 87552K, used 871K [0x0000000080a00000, 0x0000000085f80000, 0x00000000d5900000)
  object space 87552K, 0% used [0x0000000080a00000,0x0000000080ad9c38,0x0000000085f80000)
 Metaspace       used 14677K, capacity 14960K, committed 15232K, reserved 1062912K
  class space    used 1808K, capacity 1908K, committed 1920K, reserved 1048576K
}
Event: 3.363 GC heap before
{Heap before GC invocations=5 (full 0):
 PSYoungGen      total 71680K, used 71662K [0x00000000d5900000, 0x00000000da400000, 0x0000000100000000)
  eden space 66560K, 100% used [0x00000000d5900000,0x00000000d9a00000,0x00000000d9a00000)
  from space 5120K, 99% used [0x00000000d9f00000,0x00000000da3fb9a0,0x00000000da400000)
  to   space 5120K, 0% used [0x00000000d9a00000,0x00000000d9a00000,0x00000000d9f00000)
 ParOldGen       total 87552K, used 871K [0x0000000080a00000, 0x0000000085f80000, 0x00000000d5900000)
  object space 87552K, 0% used [0x0000000080a00000,0x0000000080ad9c38,0x0000000085f80000)
 Metaspace       used 18170K, capacity 18446K, committed 18688K, reserved 1064960K
  class space    used 2230K, capacity 2297K, committed 2304K, reserved 1048576K
Event: 3.373 GC heap after
Heap after GC invocations=5 (full 0):
 PSYoungGen      total 71680K, used 5112K [0x00000000d5900000, 0x00000000deb00000, 0x0000000100000000)
  eden space 66560K, 0% used [0x00000000d5900000,0x00000000d5900000,0x00000000d9a00000)
  from space 5120K, 99% used [0x00000000d9a00000,0x00000000d9efe030,0x00000000d9f00000)
  to   space 8192K, 0% used [0x00000000de300000,0x00000000de300000,0x00000000deb00000)
 ParOldGen       total 87552K, used 4233K [0x0000000080a00000, 0x0000000085f80000, 0x00000000d5900000)
  object space 87552K, 4% used [0x0000000080a00000,0x0000000080e224b8,0x0000000085f80000)
 Metaspace       used 18170K, capacity 18446K, committed 18688K, reserved 1064960K
  class space    used 2230K, capacity 2297K, committed 2304K, reserved 1048576K
}
Event: 3.447 GC heap before
{Heap before GC invocations=6 (full 0):
 PSYoungGen      total 71680K, used 16058K [0x00000000d5900000, 0x00000000deb00000, 0x0000000100000000)
  eden space 66560K, 16% used [0x00000000d5900000,0x00000000d63b08a0,0x00000000d9a00000)
  from space 5120K, 99% used [0x00000000d9a00000,0x00000000d9efe030,0x00000000d9f00000)
  to   space 8192K, 0% used [0x00000000de300000,0x00000000de300000,0x00000000deb00000)
 ParOldGen       total 87552K, used 4233K [0x0000000080a00000, 0x0000000085f80000, 0x00000000d5900000)
  object space 87552K, 4% used [0x0000000080a00000,0x0000000080e224b8,0x0000000085f80000)
 Metaspace       used 19193K, capacity 19502K, committed 19712K, reserved 1071104K
  class space    used 2346K, capacity 2457K, committed 2560K, reserved 1048576K
Event: 3.456 GC heap after
Heap after GC invocations=6 (full 0):
 PSYoungGen      total 141312K, used 6199K [0x00000000d5900000, 0x00000000deb00000, 0x0000000100000000)
  eden space 133120K, 0% used [0x00000000d5900000,0x00000000d5900000,0x00000000ddb00000)
  from space 8192K, 75% used [0x00000000de300000,0x00000000de90dd20,0x00000000deb00000)
  to   space 8192K, 0% used [0x00000000ddb00000,0x00000000ddb00000,0x00000000de300000)
 ParOldGen       total 87552K, used 4241K [0x0000000080a00000, 0x0000000085f80000, 0x00000000d5900000)
  object space 87552K, 4% used [0x0000000080a00000,0x0000000080e244b8,0x0000000085f80000)
 Metaspace       used 19193K, capacity 19502K, committed 19712K, reserved 1071104K
  class space    used 2346K, capacity 2457K, committed 2560K, reserved 1048576K
}
Event: 3.456 GC heap before
{Heap before GC invocations=7 (full 1):
 PSYoungGen      total 141312K, used 6199K [0x00000000d5900000, 0x00000000deb00000, 0x0000000100000000)
  eden space 133120K, 0% used [0x00000000d5900000,0x00000000d5900000,0x00000000ddb00000)
  from space 8192K, 75% used [0x00000000de300000,0x00000000de90dd20,0x00000000deb00000)
  to   space 8192K, 0% used [0x00000000ddb00000,0x00000000ddb00000,0x00000000de300000)
 ParOldGen       total 87552K, used 4241K [0x0000000080a00000, 0x0000000085f80000, 0x00000000d5900000)
  object space 87552K, 4% used [0x0000000080a00000,0x0000000080e244b8,0x0000000085f80000)
 Metaspace       used 19193K, capacity 19502K, committed 19712K, reserved 1071104K
  class space    used 2346K, capacity 2457K, committed 2560K, reserved 1048576K
Event: 3.491 GC heap after
Heap after GC invocations=7 (full 1):
 PSYoungGen      total 141312K, used 0K [0x00000000d5900000, 0x00000000deb00000, 0x0000000100000000)
  eden space 133120K, 0% used [0x00000000d5900000,0x00000000d5900000,0x00000000ddb00000)
  from space 8192K, 0% used [0x00000000de300000,0x00000000de300000,0x00000000deb00000)
  to   space 8192K, 0% used [0x00000000ddb00000,0x00000000ddb00000,0x00000000de300000)
 ParOldGen       total 50688K, used 7326K [0x0000000080a00000, 0x0000000083b80000, 0x00000000d5900000)
  object space 50688K, 14% used [0x0000000080a00000,0x0000000081127ad8,0x0000000083b80000)
 Metaspace       used 19193K, capacity 19502K, committed 19712K, reserved 1069056K
  class space    used 2346K, capacity 2457K, committed 2560K, reserved 1048576K
}

